{"level":"info","message":"Getting details of the artist by name: god","timestamp":"2014-09-07T13:10:11.472Z"}
{"level":"info","message":"On Page: 1","timestamp":"2014-09-07T13:10:11.473Z"}
{"level":"info","message":"Getting details of the artist by name: godd","timestamp":"2014-09-07T13:11:05.519Z"}
{"level":"info","message":"On Page: 1","timestamp":"2014-09-07T13:11:05.519Z"}
{"level":"info","message":"Getting details of the artist by name: godds","timestamp":"2014-09-07T13:11:22.250Z"}
{"level":"info","message":"On Page: 1","timestamp":"2014-09-07T13:11:22.250Z"}
{"level":"info","message":"Getting details of the artist by name: godd","timestamp":"2014-09-07T13:11:24.482Z"}
{"level":"info","message":"On Page: 1","timestamp":"2014-09-07T13:11:24.482Z"}
{"level":"info","message":"Getting details of the artist by name: god","timestamp":"2014-09-07T13:11:32.939Z"}
{"level":"info","message":"On Page: 1","timestamp":"2014-09-07T13:11:32.939Z"}
{"level":"info","message":"Getting details of the artist by name: god","timestamp":"2014-09-07T13:11:34.097Z"}
{"level":"info","message":"On Page: 2","timestamp":"2014-09-07T13:11:34.098Z"}
{"level":"info","message":"Getting details of the artist by name: god","timestamp":"2014-09-07T13:11:35.451Z"}
{"level":"info","message":"On Page: 3","timestamp":"2014-09-07T13:11:35.451Z"}
{"level":"info","message":"Getting details of the artist by name: god","timestamp":"2014-09-07T13:11:36.468Z"}
{"level":"info","message":"On Page: 4","timestamp":"2014-09-07T13:11:36.468Z"}
{"level":"info","message":"Getting details of the artist by name: h","timestamp":"2014-09-07T13:11:57.433Z"}
{"level":"info","message":"On Page: 1","timestamp":"2014-09-07T13:11:57.433Z"}
{"level":"info","message":"Getting details of the artist by name: hast","timestamp":"2014-09-07T13:11:57.953Z"}
{"level":"info","message":"On Page: 1","timestamp":"2014-09-07T13:11:57.953Z"}
{"level":"info","message":"Getting details of the artist by name: haste","timestamp":"2014-09-07T13:11:58.207Z"}
{"level":"info","message":"On Page: 1","timestamp":"2014-09-07T13:11:58.208Z"}
{"level":"info","message":"Getting details of the artist by name just","timestamp":"2014-09-07T13:26:08.165Z"}
{"level":"info","message":"Getting details of the artist by name justi","timestamp":"2014-09-07T13:26:08.282Z"}
{"level":"info","message":"Getting details of the artist by name justin","timestamp":"2014-09-07T13:26:08.397Z"}
{"level":"info","message":"Getting details of the artist by name justing","timestamp":"2014-09-07T13:26:08.675Z"}
{"level":"info","message":"Getting details of the artist by name justin","timestamp":"2014-09-07T13:26:10.609Z"}
